[0.437s] DEBUG:colcon:Command line arguments: ['/usr/bin/colcon', 'list', '-p', '--base-paths', '/home/ecn/diffrobot_ws/src']
[0.437s] DEBUG:colcon:Parsed command line arguments: Namespace(allow_overriding=[], base_paths=['/home/ecn/diffrobot_ws/src'], build_base='build', ignore_user_meta=False, log_base=None, log_level=None, main=<bound method ListVerb.main of <colcon_package_information.verb.list.ListVerb object at 0x7efe10b06820>>, metas=['./colcon.meta'], names_only=False, packages_above=None, packages_above_and_dependencies=None, packages_above_depth=None, packages_end=None, packages_ignore=None, packages_ignore_regex=None, packages_select=None, packages_select_build_failed=False, packages_select_by_dep=None, packages_select_regex=None, packages_select_test_failures=False, packages_skip=None, packages_skip_build_finished=False, packages_skip_by_dep=None, packages_skip_regex=None, packages_skip_test_passed=False, packages_skip_up_to=None, packages_start=None, packages_up_to=None, packages_up_to_regex=None, paths=None, paths_only=True, topological_graph=False, topological_graph_density=False, topological_graph_dot=False, topological_graph_dot_cluster=False, topological_graph_dot_include_skipped=False, topological_graph_legend=False, topological_order=False, verb_extension=<colcon_package_information.verb.list.ListVerb object at 0x7efe10b06820>, verb_name='list', verb_parser=<colcon_defaults.argument_parser.defaults.DefaultArgumentsDecorator object at 0x7efe109d0b80>)
[0.702s] Level 1:colcon.colcon_core.package_discovery:discover_packages(colcon_meta) check parameters
[0.702s] Level 1:colcon.colcon_core.package_discovery:discover_packages(recursive) check parameters
[0.702s] Level 1:colcon.colcon_core.package_discovery:discover_packages(ignore) check parameters
[0.702s] Level 1:colcon.colcon_core.package_discovery:discover_packages(path) check parameters
[0.702s] Level 1:colcon.colcon_core.package_discovery:discover_packages(recursive) discover
[0.702s] INFO:colcon.colcon_core.package_discovery:Crawling recursively for packages in '/home/ecn/diffrobot_ws/src'
[0.702s] Level 1:colcon.colcon_core.package_identification:_identify(/home/ecn/diffrobot_ws/src) by extensions ['ignore', 'ignore_ament_install']
[0.702s] Level 1:colcon.colcon_core.package_identification:_identify(/home/ecn/diffrobot_ws/src) by extension 'ignore'
[0.702s] Level 1:colcon.colcon_core.package_identification:_identify(/home/ecn/diffrobot_ws/src) by extension 'ignore_ament_install'
[0.702s] Level 1:colcon.colcon_core.package_identification:_identify(/home/ecn/diffrobot_ws/src) by extensions ['colcon_pkg']
[0.702s] Level 1:colcon.colcon_core.package_identification:_identify(/home/ecn/diffrobot_ws/src) by extension 'colcon_pkg'
[0.702s] Level 1:colcon.colcon_core.package_identification:_identify(/home/ecn/diffrobot_ws/src) by extensions ['colcon_meta']
[0.702s] Level 1:colcon.colcon_core.package_identification:_identify(/home/ecn/diffrobot_ws/src) by extension 'colcon_meta'
[0.702s] Level 1:colcon.colcon_core.package_identification:_identify(/home/ecn/diffrobot_ws/src) by extensions ['ros']
[0.702s] Level 1:colcon.colcon_core.package_identification:_identify(/home/ecn/diffrobot_ws/src) by extension 'ros'
[0.746s] Level 1:colcon.colcon_core.package_identification:_identify(/home/ecn/diffrobot_ws/src) by extensions ['cmake', 'python']
[0.746s] Level 1:colcon.colcon_core.package_identification:_identify(/home/ecn/diffrobot_ws/src) by extension 'cmake'
[0.746s] Level 1:colcon.colcon_core.package_identification:_identify(/home/ecn/diffrobot_ws/src) by extension 'python'
[0.746s] Level 1:colcon.colcon_core.package_identification:_identify(/home/ecn/diffrobot_ws/src) by extensions ['python_setup_py']
[0.746s] Level 1:colcon.colcon_core.package_identification:_identify(/home/ecn/diffrobot_ws/src) by extension 'python_setup_py'
[0.746s] Level 1:colcon.colcon_core.package_identification:_identify(/home/ecn/diffrobot_ws/src/launch) by extensions ['ignore', 'ignore_ament_install']
[0.746s] Level 1:colcon.colcon_core.package_identification:_identify(/home/ecn/diffrobot_ws/src/launch) by extension 'ignore'
[0.746s] Level 1:colcon.colcon_core.package_identification:_identify(/home/ecn/diffrobot_ws/src/launch) by extension 'ignore_ament_install'
[0.746s] Level 1:colcon.colcon_core.package_identification:_identify(/home/ecn/diffrobot_ws/src/launch) by extensions ['colcon_pkg']
[0.746s] Level 1:colcon.colcon_core.package_identification:_identify(/home/ecn/diffrobot_ws/src/launch) by extension 'colcon_pkg'
[0.746s] Level 1:colcon.colcon_core.package_identification:_identify(/home/ecn/diffrobot_ws/src/launch) by extensions ['colcon_meta']
[0.746s] Level 1:colcon.colcon_core.package_identification:_identify(/home/ecn/diffrobot_ws/src/launch) by extension 'colcon_meta'
[0.746s] Level 1:colcon.colcon_core.package_identification:_identify(/home/ecn/diffrobot_ws/src/launch) by extensions ['ros']
[0.746s] Level 1:colcon.colcon_core.package_identification:_identify(/home/ecn/diffrobot_ws/src/launch) by extension 'ros'
[0.746s] Level 1:colcon.colcon_core.package_identification:_identify(/home/ecn/diffrobot_ws/src/launch) by extensions ['cmake', 'python']
[0.746s] Level 1:colcon.colcon_core.package_identification:_identify(/home/ecn/diffrobot_ws/src/launch) by extension 'cmake'
[0.746s] Level 1:colcon.colcon_core.package_identification:_identify(/home/ecn/diffrobot_ws/src/launch) by extension 'python'
[0.746s] Level 1:colcon.colcon_core.package_identification:_identify(/home/ecn/diffrobot_ws/src/launch) by extensions ['python_setup_py']
[0.746s] Level 1:colcon.colcon_core.package_identification:_identify(/home/ecn/diffrobot_ws/src/launch) by extension 'python_setup_py'
[0.747s] Level 1:colcon.colcon_core.package_identification:_identify(/home/ecn/diffrobot_ws/src/log) by extensions ['ignore', 'ignore_ament_install']
[0.747s] Level 1:colcon.colcon_core.package_identification:_identify(/home/ecn/diffrobot_ws/src/log) by extension 'ignore'
[0.747s] Level 1:colcon.colcon_core.package_identification:_identify(/home/ecn/diffrobot_ws/src/log) ignored
[0.747s] Level 1:colcon.colcon_core.package_identification:_identify(/home/ecn/diffrobot_ws/src/mobile_robot) by extensions ['ignore', 'ignore_ament_install']
[0.747s] Level 1:colcon.colcon_core.package_identification:_identify(/home/ecn/diffrobot_ws/src/mobile_robot) by extension 'ignore'
[0.747s] Level 1:colcon.colcon_core.package_identification:_identify(/home/ecn/diffrobot_ws/src/mobile_robot) by extension 'ignore_ament_install'
[0.747s] Level 1:colcon.colcon_core.package_identification:_identify(/home/ecn/diffrobot_ws/src/mobile_robot) by extensions ['colcon_pkg']
[0.747s] Level 1:colcon.colcon_core.package_identification:_identify(/home/ecn/diffrobot_ws/src/mobile_robot) by extension 'colcon_pkg'
[0.748s] Level 1:colcon.colcon_core.package_identification:_identify(/home/ecn/diffrobot_ws/src/mobile_robot) by extensions ['colcon_meta']
[0.748s] Level 1:colcon.colcon_core.package_identification:_identify(/home/ecn/diffrobot_ws/src/mobile_robot) by extension 'colcon_meta'
[0.748s] Level 1:colcon.colcon_core.package_identification:_identify(/home/ecn/diffrobot_ws/src/mobile_robot) by extensions ['ros']
[0.748s] Level 1:colcon.colcon_core.package_identification:_identify(/home/ecn/diffrobot_ws/src/mobile_robot) by extension 'ros'
[0.750s] DEBUG:colcon.colcon_core.package_identification:Package '/home/ecn/diffrobot_ws/src/mobile_robot' with type 'ros.ament_cmake' and name 'mobile_robot'
[0.750s] Level 1:colcon.colcon_core.package_identification:_identify(/home/ecn/diffrobot_ws/src/urdf) by extensions ['ignore', 'ignore_ament_install']
[0.750s] Level 1:colcon.colcon_core.package_identification:_identify(/home/ecn/diffrobot_ws/src/urdf) by extension 'ignore'
[0.750s] Level 1:colcon.colcon_core.package_identification:_identify(/home/ecn/diffrobot_ws/src/urdf) by extension 'ignore_ament_install'
[0.750s] Level 1:colcon.colcon_core.package_identification:_identify(/home/ecn/diffrobot_ws/src/urdf) by extensions ['colcon_pkg']
[0.750s] Level 1:colcon.colcon_core.package_identification:_identify(/home/ecn/diffrobot_ws/src/urdf) by extension 'colcon_pkg'
[0.751s] Level 1:colcon.colcon_core.package_identification:_identify(/home/ecn/diffrobot_ws/src/urdf) by extensions ['colcon_meta']
[0.751s] Level 1:colcon.colcon_core.package_identification:_identify(/home/ecn/diffrobot_ws/src/urdf) by extension 'colcon_meta'
[0.751s] Level 1:colcon.colcon_core.package_identification:_identify(/home/ecn/diffrobot_ws/src/urdf) by extensions ['ros']
[0.751s] Level 1:colcon.colcon_core.package_identification:_identify(/home/ecn/diffrobot_ws/src/urdf) by extension 'ros'
[0.751s] Level 1:colcon.colcon_core.package_identification:_identify(/home/ecn/diffrobot_ws/src/urdf) by extensions ['cmake', 'python']
[0.751s] Level 1:colcon.colcon_core.package_identification:_identify(/home/ecn/diffrobot_ws/src/urdf) by extension 'cmake'
[0.751s] Level 1:colcon.colcon_core.package_identification:_identify(/home/ecn/diffrobot_ws/src/urdf) by extension 'python'
[0.751s] Level 1:colcon.colcon_core.package_identification:_identify(/home/ecn/diffrobot_ws/src/urdf) by extensions ['python_setup_py']
[0.751s] Level 1:colcon.colcon_core.package_identification:_identify(/home/ecn/diffrobot_ws/src/urdf) by extension 'python_setup_py'
[0.751s] Level 1:colcon.colcon_core.package_discovery:discover_packages(recursive) using defaults
